C:\USERS\RDANAULT\DROPBOX\DANAULT\WMRHS\PROGRAMMING\C++\ABSOLUTEBEGINNER\CHAPTER 11\TIC-TAC-TOE\TIC-TAC-TOE\DEBUG\TIC-TAC-TOE.PCH
C:\USERS\RDANAULT\DROPBOX\DANAULT\WMRHS\PROGRAMMING\C++\ABSOLUTEBEGINNER\CHAPTER 11\TIC-TAC-TOE\TIC-TAC-TOE\DEBUG\STDAFX.OBJ
C:\USERS\RDANAULT\DROPBOX\DANAULT\WMRHS\PROGRAMMING\C++\ABSOLUTEBEGINNER\CHAPTER 11\TIC-TAC-TOE\TIC-TAC-TOE\DEBUG\VC100.PDB
C:\USERS\RDANAULT\DROPBOX\DANAULT\WMRHS\PROGRAMMING\C++\ABSOLUTEBEGINNER\CHAPTER 11\TIC-TAC-TOE\TIC-TAC-TOE\DEBUG\TIC-TAC-TOE.OBJ
C:\USERS\RDANAULT\DROPBOX\DANAULT\WMRHS\PROGRAMMING\C++\ABSOLUTEBEGINNER\CHAPTER 11\TIC-TAC-TOE\TIC-TAC-TOE\DEBUG\ASSEMBLYINFO.OBJ
C:\USERS\RDANAULT\DROPBOX\DANAULT\WMRHS\PROGRAMMING\C++\ABSOLUTEBEGINNER\CHAPTER 11\TIC-TAC-TOE\TIC-TAC-TOE\DEBUG\.NETFRAMEWORK,VERSION=V4.0.ASSEMBLYATTRIBUTES.OBJ
D:\MICHAELSILVER\C++\TIC-TAC-TOE RON\TIC-TAC-TOE\DEBUG\TIC-TAC-TOE.PCH
D:\MICHAELSILVER\C++\TIC-TAC-TOE RON\TIC-TAC-TOE\DEBUG\STDAFX.OBJ
D:\MICHAELSILVER\C++\TIC-TAC-TOE RON\TIC-TAC-TOE\DEBUG\VC110.PDB
D:\MICHAELSILVER\C++\TIC-TAC-TOE RON\TIC-TAC-TOE\DEBUG\TIC-TAC-TOE.OBJ
D:\MICHAELSILVER\C++\TIC-TAC-TOE RON\TIC-TAC-TOE\DEBUG\ASSEMBLYINFO.OBJ
D:\MICHAELSILVER\C++\TIC-TAC-TOE RON\TIC-TAC-TOE\DEBUG\.NETFRAMEWORK,VERSION=V4.0.ASSEMBLYATTRIBUTES.OBJ
C:\USERS\RDANAULT\DROPBOX\DANAULT\WMRHS\PROGRAMMING\C++\ABSOLUTEBEGINNER\CHAPTER 11\TIC-TAC-TOE\TIC-TAC-TOE\DEBUG\TICTACTOE.FORM1.RESOURCES
C:\USERS\RDANAULT\DROPBOX\DANAULT\WMRHS\PROGRAMMING\C++\ABSOLUTEBEGINNER\CHAPTER 11\TIC-TAC-TOE\DEBUG\TIC-TAC-TOE.ILK
C:\USERS\RDANAULT\DROPBOX\DANAULT\WMRHS\PROGRAMMING\C++\ABSOLUTEBEGINNER\CHAPTER 11\TIC-TAC-TOE\DEBUG\TIC-TAC-TOE.EXE
C:\USERS\RDANAULT\DROPBOX\DANAULT\WMRHS\PROGRAMMING\C++\ABSOLUTEBEGINNER\CHAPTER 11\TIC-TAC-TOE\TIC-TAC-TOE\DEBUG\TIC-TAC-TOE.EXE.INTERMEDIATE.MANIFEST
C:\USERS\RDANAULT\DROPBOX\DANAULT\WMRHS\PROGRAMMING\C++\ABSOLUTEBEGINNER\CHAPTER 11\TIC-TAC-TOE\DEBUG\TIC-TAC-TOE.PDB
C:\USERS\RDANAULT\DROPBOX\DANAULT\WMRHS\PROGRAMMING\C++\ABSOLUTEBEGINNER\CHAPTER 11\TIC-TAC-TOE\TIC-TAC-TOE\DEBUG\APP.RES
D:\MICHAELSILVER\C++\TIC-TAC-TOE RON\TIC-TAC-TOE\DEBUG\APP.RES
D:\MichaelSilver\C++\Tic-Tac-Toe Ron\Tic-Tac-Toe\Debug\TicTacToe.Form1.resources
D:\MichaelSilver\C++\Tic-Tac-Toe Ron\Tic-Tac-Toe\Debug\Tic-Tac-Toe.vcxproj.GenerateResource.Cache
D:\MichaelSilver\C++\Tic-Tac-Toe Ron\Tic-Tac-Toe\Debug\Tic-Tac-Toe.vcxprojResolveAssemblyReference.cache
D:\MichaelSilver\C++\Tic-Tac-Toe Ron\Tic-Tac-Toe\Debug\.NETFramework,Version=v4.0.AssemblyAttributes.obj
D:\MichaelSilver\C++\Tic-Tac-Toe Ron\Tic-Tac-Toe\Debug\AssemblyInfo.obj
D:\MichaelSilver\C++\Tic-Tac-Toe Ron\Tic-Tac-Toe\Debug\stdafx.obj
D:\MichaelSilver\C++\Tic-Tac-Toe Ron\Tic-Tac-Toe\Debug\Tic-Tac-Toe.obj
D:\MichaelSilver\C++\Tic-Tac-Toe Ron\Tic-Tac-Toe\Debug\cl.command.1.tlog
D:\MichaelSilver\C++\Tic-Tac-Toe Ron\Tic-Tac-Toe\Debug\CL.read.1.tlog
D:\MichaelSilver\C++\Tic-Tac-Toe Ron\Tic-Tac-Toe\Debug\CL.write.1.tlog
D:\MichaelSilver\C++\Tic-Tac-Toe Ron\Tic-Tac-Toe\Debug\GenerateResource.read.1.tlog
D:\MichaelSilver\C++\Tic-Tac-Toe Ron\Tic-Tac-Toe\Debug\GenerateResource.write.1.tlog
D:\MichaelSilver\C++\Tic-Tac-Toe Ron\Tic-Tac-Toe\Debug\link.3488-cvtres.read.1.tlog
D:\MichaelSilver\C++\Tic-Tac-Toe Ron\Tic-Tac-Toe\Debug\link.3488-cvtres.write.1.tlog
D:\MichaelSilver\C++\Tic-Tac-Toe Ron\Tic-Tac-Toe\Debug\link.3488-rc.read.1.tlog
D:\MichaelSilver\C++\Tic-Tac-Toe Ron\Tic-Tac-Toe\Debug\link.3488-rc.write.1.tlog
D:\MichaelSilver\C++\Tic-Tac-Toe Ron\Tic-Tac-Toe\Debug\link.3488.read.1.tlog
D:\MichaelSilver\C++\Tic-Tac-Toe Ron\Tic-Tac-Toe\Debug\link.3488.write.1.tlog
D:\MichaelSilver\C++\Tic-Tac-Toe Ron\Tic-Tac-Toe\Debug\link.4144-cvtres.read.1.tlog
D:\MichaelSilver\C++\Tic-Tac-Toe Ron\Tic-Tac-Toe\Debug\link.4144-cvtres.write.1.tlog
D:\MichaelSilver\C++\Tic-Tac-Toe Ron\Tic-Tac-Toe\Debug\link.4144-rc.read.1.tlog
D:\MichaelSilver\C++\Tic-Tac-Toe Ron\Tic-Tac-Toe\Debug\link.4144-rc.write.1.tlog
D:\MichaelSilver\C++\Tic-Tac-Toe Ron\Tic-Tac-Toe\Debug\link.4144.read.1.tlog
D:\MichaelSilver\C++\Tic-Tac-Toe Ron\Tic-Tac-Toe\Debug\link.4144.write.1.tlog
D:\MichaelSilver\C++\Tic-Tac-Toe Ron\Tic-Tac-Toe\Debug\link.4460-cvtres.read.1.tlog
D:\MichaelSilver\C++\Tic-Tac-Toe Ron\Tic-Tac-Toe\Debug\link.4460-cvtres.write.1.tlog
D:\MichaelSilver\C++\Tic-Tac-Toe Ron\Tic-Tac-Toe\Debug\link.4460-rc.read.1.tlog
D:\MichaelSilver\C++\Tic-Tac-Toe Ron\Tic-Tac-Toe\Debug\link.4460-rc.write.1.tlog
D:\MichaelSilver\C++\Tic-Tac-Toe Ron\Tic-Tac-Toe\Debug\link.4460.read.1.tlog
D:\MichaelSilver\C++\Tic-Tac-Toe Ron\Tic-Tac-Toe\Debug\link.4460.write.1.tlog
D:\MichaelSilver\C++\Tic-Tac-Toe Ron\Tic-Tac-Toe\Debug\link.5656-cvtres.read.1.tlog
D:\MichaelSilver\C++\Tic-Tac-Toe Ron\Tic-Tac-Toe\Debug\link.5656-cvtres.write.1.tlog
D:\MichaelSilver\C++\Tic-Tac-Toe Ron\Tic-Tac-Toe\Debug\link.5656.read.1.tlog
D:\MichaelSilver\C++\Tic-Tac-Toe Ron\Tic-Tac-Toe\Debug\link.5656.write.1.tlog
D:\MichaelSilver\C++\Tic-Tac-Toe Ron\Tic-Tac-Toe\Debug\link.command.1.tlog
D:\MichaelSilver\C++\Tic-Tac-Toe Ron\Tic-Tac-Toe\Debug\link.read.1.tlog
D:\MichaelSilver\C++\Tic-Tac-Toe Ron\Tic-Tac-Toe\Debug\link.write.1.tlog
D:\MichaelSilver\C++\Tic-Tac-Toe Ron\Tic-Tac-Toe\Debug\metagen.read.1.tlog
D:\MichaelSilver\C++\Tic-Tac-Toe Ron\Tic-Tac-Toe\Debug\metagen.write.1.tlog
D:\MichaelSilver\C++\Tic-Tac-Toe Ron\Tic-Tac-Toe\Debug\mt.command.1.tlog
D:\MichaelSilver\C++\Tic-Tac-Toe Ron\Tic-Tac-Toe\Debug\mt.read.1.tlog
D:\MichaelSilver\C++\Tic-Tac-Toe Ron\Tic-Tac-Toe\Debug\mt.write.1.tlog
D:\MichaelSilver\C++\Tic-Tac-Toe Ron\Tic-Tac-Toe\Debug\rc.command.1.tlog
D:\MichaelSilver\C++\Tic-Tac-Toe Ron\Tic-Tac-Toe\Debug\rc.read.1.tlog
D:\MichaelSilver\C++\Tic-Tac-Toe Ron\Tic-Tac-Toe\Debug\rc.write.1.tlog
D:\MichaelSilver\C++\Tic-Tac-Toe Ron\Tic-Tac-Toe\Debug\Tic-Tac-Toe.write.1.tlog
D:\MichaelSilver\C++\Tic-Tac-Toe Ron\Tic-Tac-Toe\Debug\Tic-Tac-Toe.exe.intermediate.manifest
D:\MichaelSilver\C++\Tic-Tac-Toe Ron\Tic-Tac-Toe\Debug\app.res
D:\MichaelSilver\C++\Tic-Tac-Toe Ron\Tic-Tac-Toe\Debug\Tic-Tac-Toe.pch
D:\MichaelSilver\C++\Tic-Tac-Toe Ron\Tic-Tac-Toe\Debug\vc80.idb
D:\MichaelSilver\C++\Tic-Tac-Toe Ron\Tic-Tac-Toe\Debug\vc100.pdb
D:\MichaelSilver\C++\Tic-Tac-Toe Ron\Tic-Tac-Toe\Debug\vc110.pdb
D:\MichaelSilver\C++\Tic-Tac-Toe Ron\Tic-Tac-Toe\Debug\vc80.pdb
D:\MichaelSilver\C++\Tic-Tac-Toe Ron\Tic-Tac-Toe\Debug\RSAENH.DLL.bi
D:\MichaelSilver\C++\Tic-Tac-Toe Ron\Tic-Tac-Toe\Debug\TZRES.DLL.bi
D:\MichaelSilver\C++\Tic-Tac-Toe Ron\Debug\Tic-Tac-Toe.pdb
D:\MichaelSilver\C++\Tic-Tac-Toe Ron\Debug\Tic-Tac-Toe.ilk
