D:\MICHAELSILVER\C++\TICTACTOE\DEBUG\.NETFRAMEWORK,VERSION=V4.5.ASSEMBLYATTRIBUTES.OBJ
D:\MICHAELSILVER\C++\TICTACTOE\DEBUG\VC110.PDB
D:\MICHAELSILVER\C++\TICTACTOE\DEBUG\MYFORM.OBJ
D:\MichaelSilver\C++\TicTacToe\Debug\TicTacToe.MyForm.resources
D:\MichaelSilver\C++\TicTacToe\Debug\TicTacToe.vcxproj.GenerateResource.Cache
D:\MichaelSilver\C++\TicTacToe\Debug\TicTacToe.vcxprojResolveAssemblyReference.cache
D:\MichaelSilver\C++\TicTacToe\Debug\.NETFramework,Version=v4.5.AssemblyAttributes.obj
D:\MichaelSilver\C++\TicTacToe\Debug\MyForm.obj
D:\MichaelSilver\C++\TicTacToe\Debug\TicTacToe.ilk
D:\MichaelSilver\C++\TicTacToe\Debug\cl.command.1.tlog
D:\MichaelSilver\C++\TicTacToe\Debug\CL.read.1.tlog
D:\MichaelSilver\C++\TicTacToe\Debug\CL.write.1.tlog
D:\MichaelSilver\C++\TicTacToe\Debug\link.1436-cvtres.read.1.tlog
D:\MichaelSilver\C++\TicTacToe\Debug\link.1436-cvtres.write.1.tlog
D:\MichaelSilver\C++\TicTacToe\Debug\link.1436-rc.read.1.tlog
D:\MichaelSilver\C++\TicTacToe\Debug\link.1436-rc.write.1.tlog
D:\MichaelSilver\C++\TicTacToe\Debug\link.1436.read.1.tlog
D:\MichaelSilver\C++\TicTacToe\Debug\link.1436.write.1.tlog
D:\MichaelSilver\C++\TicTacToe\Debug\link.2300-cvtres.read.1.tlog
D:\MichaelSilver\C++\TicTacToe\Debug\link.2300-cvtres.write.1.tlog
D:\MichaelSilver\C++\TicTacToe\Debug\link.2300-rc.read.1.tlog
D:\MichaelSilver\C++\TicTacToe\Debug\link.2300-rc.write.1.tlog
D:\MichaelSilver\C++\TicTacToe\Debug\link.2300.read.1.tlog
D:\MichaelSilver\C++\TicTacToe\Debug\link.2300.write.1.tlog
D:\MichaelSilver\C++\TicTacToe\Debug\link.2316-cvtres.read.1.tlog
D:\MichaelSilver\C++\TicTacToe\Debug\link.2316-cvtres.write.1.tlog
D:\MichaelSilver\C++\TicTacToe\Debug\link.2316-rc.read.1.tlog
D:\MichaelSilver\C++\TicTacToe\Debug\link.2316-rc.write.1.tlog
D:\MichaelSilver\C++\TicTacToe\Debug\link.2316.read.1.tlog
D:\MichaelSilver\C++\TicTacToe\Debug\link.2316.write.1.tlog
D:\MichaelSilver\C++\TicTacToe\Debug\link.3028-cvtres.read.1.tlog
D:\MichaelSilver\C++\TicTacToe\Debug\link.3028-cvtres.write.1.tlog
D:\MichaelSilver\C++\TicTacToe\Debug\link.3028-rc.read.1.tlog
D:\MichaelSilver\C++\TicTacToe\Debug\link.3028-rc.write.1.tlog
D:\MichaelSilver\C++\TicTacToe\Debug\link.3028.read.1.tlog
D:\MichaelSilver\C++\TicTacToe\Debug\link.3028.write.1.tlog
D:\MichaelSilver\C++\TicTacToe\Debug\link.3388-cvtres.read.1.tlog
D:\MichaelSilver\C++\TicTacToe\Debug\link.3388-cvtres.write.1.tlog
D:\MichaelSilver\C++\TicTacToe\Debug\link.3388-rc.read.1.tlog
D:\MichaelSilver\C++\TicTacToe\Debug\link.3388-rc.write.1.tlog
D:\MichaelSilver\C++\TicTacToe\Debug\link.3388.read.1.tlog
D:\MichaelSilver\C++\TicTacToe\Debug\link.3388.write.1.tlog
D:\MichaelSilver\C++\TicTacToe\Debug\link.3736-cvtres.read.1.tlog
D:\MichaelSilver\C++\TicTacToe\Debug\link.3736-cvtres.write.1.tlog
D:\MichaelSilver\C++\TicTacToe\Debug\link.3736-rc.read.1.tlog
D:\MichaelSilver\C++\TicTacToe\Debug\link.3736-rc.write.1.tlog
D:\MichaelSilver\C++\TicTacToe\Debug\link.3736.read.1.tlog
D:\MichaelSilver\C++\TicTacToe\Debug\link.3736.write.1.tlog
D:\MichaelSilver\C++\TicTacToe\Debug\link.3884-cvtres.read.1.tlog
D:\MichaelSilver\C++\TicTacToe\Debug\link.3884-cvtres.write.1.tlog
D:\MichaelSilver\C++\TicTacToe\Debug\link.3884-rc.read.1.tlog
D:\MichaelSilver\C++\TicTacToe\Debug\link.3884-rc.write.1.tlog
D:\MichaelSilver\C++\TicTacToe\Debug\link.3884.read.1.tlog
D:\MichaelSilver\C++\TicTacToe\Debug\link.3884.write.1.tlog
D:\MichaelSilver\C++\TicTacToe\Debug\link.4104-cvtres.read.1.tlog
D:\MichaelSilver\C++\TicTacToe\Debug\link.4104-cvtres.write.1.tlog
D:\MichaelSilver\C++\TicTacToe\Debug\link.4104-rc.read.1.tlog
D:\MichaelSilver\C++\TicTacToe\Debug\link.4104-rc.write.1.tlog
D:\MichaelSilver\C++\TicTacToe\Debug\link.4104.read.1.tlog
D:\MichaelSilver\C++\TicTacToe\Debug\link.4104.write.1.tlog
D:\MichaelSilver\C++\TicTacToe\Debug\link.696-cvtres.read.1.tlog
D:\MichaelSilver\C++\TicTacToe\Debug\link.696-cvtres.write.1.tlog
D:\MichaelSilver\C++\TicTacToe\Debug\link.696-rc.read.1.tlog
D:\MichaelSilver\C++\TicTacToe\Debug\link.696-rc.write.1.tlog
D:\MichaelSilver\C++\TicTacToe\Debug\link.696.read.1.tlog
D:\MichaelSilver\C++\TicTacToe\Debug\link.696.write.1.tlog
D:\MichaelSilver\C++\TicTacToe\Debug\link.command.1.tlog
D:\MichaelSilver\C++\TicTacToe\Debug\link.read.1.tlog
D:\MichaelSilver\C++\TicTacToe\Debug\link.write.1.tlog
D:\MichaelSilver\C++\TicTacToe\Debug\metagen.read.1.tlog
D:\MichaelSilver\C++\TicTacToe\Debug\metagen.write.1.tlog
D:\MichaelSilver\C++\TicTacToe\Debug\TicTacToe.write.1.tlog
D:\MichaelSilver\C++\TicTacToe\Debug\TicTacToe.pdb
D:\MichaelSilver\C++\TicTacToe\Debug\vc110.pdb
D:\MichaelSilver\C++\TicTacToe\Debug\TicTacToe.exe.metagen
D:\MichaelSilver\C++\TicTacToe\Debug\RSAENH.DLL.bi
D:\MichaelSilver\C++\TicTacToe\Debug\TZRES.DLL.bi
